<?xml version="1.0" encoding="UTF-8"?>
<testsuite xmlns:xsi="http://www.w3.org/2001/XMLSchema-instance" xsi:noNamespaceSchemaLocation="https://maven.apache.org/surefire/maven-surefire-plugin/xsd/surefire-test-report-3.0.xsd" version="3.0" name="com.baeldung.springcloudgateway.introduction.SpringContextTest" time="2.16" tests="1" errors="0" skipped="0" failures="0">
  <properties>
[...]
</properties>
  <testcase name="whenSpringContextIsBootstrapped_thenNoExceptions" classname="com.baeldung.springcloudgateway.introduction.SpringContextTest" time="0.423">
    <system-out><![CDATA[14:17:59.245 [main] INFO  o.s.b.d.r.RestartApplicationListener - Restart disabled due to context in which it is running

  .   ____          _            __ _ _
 /\\ / ___'_ __ _ _(_)_ __  __ _ \ \ \ \
( ( )\___ | '_ | '_| | '_ \/ _` | \ \ \ \
 \\/  ___)| |_)| | | | | || (_| |  ) ) ) )
  '  |____| .__|_| |_|_| |_\__, | / / / /
 =========|_|==============|___/=/_/_/_/
 :: Spring Boot ::                (v3.2.2)

14:17:59.366 [background-preinit] INFO  o.h.validator.internal.util.Version - HV000001: Hibernate Validator 8.0.1.Final
14:17:59.375 [main] INFO  c.b.s.introduction.SpringContextTest - Starting SpringContextTest using Java 17.0.8 with PID 50762 (started by vinodkumarm in /Users/vinodkumarm/Documents/Technologies/Spring/spring-cloud-concepts)
14:17:59.375 [main] INFO  c.b.s.introduction.SpringContextTest - No active profile set, falling back to 1 default profile: "default"
14:17:59.839 [main] INFO  o.s.d.r.c.RepositoryConfigurationDelegate - Multiple Spring Data modules found, entering strict repository configuration mode
14:17:59.840 [main] INFO  o.s.d.r.c.RepositoryConfigurationDelegate - Bootstrapping Spring Data Redis repositories in DEFAULT mode.
14:17:59.851 [main] INFO  o.s.d.r.c.RepositoryConfigurationDelegate - Finished Spring Data repository scanning in 4 ms. Found 0 Redis repository interfaces.
14:17:59.983 [main] INFO  o.s.cloud.context.scope.GenericScope - BeanFactory id=5c9f63a6-cb43-3b6c-82d4-3e4c0eb142b2
14:18:00.200 [main] ERROR i.n.r.d.DnsServerAddressStreamProviders - Unable to load io.netty.resolver.dns.macos.MacOSDnsServerAddressStreamProvider, fallback to system defaults. This may result in incorrect DNS resolutions on MacOS. Check whether you have a dependency on 'io.netty:netty-resolver-dns-native-macos'. Use DEBUG level to see the full stack: java.lang.UnsatisfiedLinkError: failed to load the required native library
14:18:00.420 [main] DEBUG o.s.c.g.config.GatewayProperties - Routes supplied from Gateway Properties: [RouteDefinition{id='baeldung_route', predicates=[PredicateDefinition{name='Path', args={_genkey_0=/baeldung}}], filters=[], uri=http://www.baeldung.com, order=0, metadata={}}]
14:18:00.466 [main] INFO  o.s.c.g.r.RouteDefinitionRouteLocator - Loaded RoutePredicateFactory [After]
14:18:00.466 [main] INFO  o.s.c.g.r.RouteDefinitionRouteLocator - Loaded RoutePredicateFactory [Before]
14:18:00.467 [main] INFO  o.s.c.g.r.RouteDefinitionRouteLocator - Loaded RoutePredicateFactory [Between]
14:18:00.467 [main] INFO  o.s.c.g.r.RouteDefinitionRouteLocator - Loaded RoutePredicateFactory [Cookie]
14:18:00.467 [main] INFO  o.s.c.g.r.RouteDefinitionRouteLocator - Loaded RoutePredicateFactory [Header]
14:18:00.467 [main] INFO  o.s.c.g.r.RouteDefinitionRouteLocator - Loaded RoutePredicateFactory [Host]
14:18:00.467 [main] INFO  o.s.c.g.r.RouteDefinitionRouteLocator - Loaded RoutePredicateFactory [Method]
14:18:00.467 [main] INFO  o.s.c.g.r.RouteDefinitionRouteLocator - Loaded RoutePredicateFactory [Path]
14:18:00.467 [main] INFO  o.s.c.g.r.RouteDefinitionRouteLocator - Loaded RoutePredicateFactory [Query]
14:18:00.467 [main] INFO  o.s.c.g.r.RouteDefinitionRouteLocator - Loaded RoutePredicateFactory [ReadBody]
14:18:00.467 [main] INFO  o.s.c.g.r.RouteDefinitionRouteLocator - Loaded RoutePredicateFactory [RemoteAddr]
14:18:00.467 [main] INFO  o.s.c.g.r.RouteDefinitionRouteLocator - Loaded RoutePredicateFactory [XForwardedRemoteAddr]
14:18:00.467 [main] INFO  o.s.c.g.r.RouteDefinitionRouteLocator - Loaded RoutePredicateFactory [Weight]
14:18:00.467 [main] INFO  o.s.c.g.r.RouteDefinitionRouteLocator - Loaded RoutePredicateFactory [CloudFoundryRouteService]
14:18:00.578 [main] INFO  o.s.b.a.e.web.EndpointLinksResolver - Exposing 27 endpoint(s) beneath base path '/actuator'
14:18:00.770 [main] DEBUG o.s.c.g.r.RouteDefinitionRouteLocator - RouteDefinition baeldung_route applying {_genkey_0=/baeldung} to Path
14:18:00.780 [main] DEBUG o.s.c.g.r.RouteDefinitionRouteLocator - RouteDefinition matched: baeldung_route
14:18:00.782 [main] DEBUG o.s.c.g.filter.GatewayMetricsFilter - New routes count: 1
14:18:00.783 [main] INFO  c.b.s.introduction.SpringContextTest - Started SpringContextTest in 1.544 seconds (process running for 1.994)
]]></system-out>
  </testcase>
</testsuite>