<?xml version="1.0" encoding="UTF-8"?>
<testsuite xmlns:xsi="http://www.w3.org/2001/XMLSchema-instance" xsi:noNamespaceSchemaLocation="https://maven.apache.org/surefire/maven-surefire-plugin/xsd/surefire-test-report-3.0.xsd" version="3.0" name="com.baeldung.springcloudgateway.webfilters.WebFilterFactoriesLiveTest" time="0.569" tests="2" errors="0" skipped="0" failures="2">
  <properties>
[...]
</properties>
  <testcase name="whenCallGetThroughGateway_thenAllHTTPRequestHeadersParametersAreSet" classname="com.baeldung.springcloudgateway.webfilters.WebFilterFactoriesLiveTest" time="0.1">
    <failure message="&#10;expected: 200 OK&#10; but was: 401 UNAUTHORIZED" type="org.opentest4j.AssertionFailedError"><![CDATA[org.opentest4j.AssertionFailedError: 

expected: 200 OK
 but was: 401 UNAUTHORIZED
	at java.base/jdk.internal.reflect.NativeConstructorAccessorImpl.newInstance0(Native Method)
	at java.base/jdk.internal.reflect.NativeConstructorAccessorImpl.newInstance(NativeConstructorAccessorImpl.java:77)
	at java.base/jdk.internal.reflect.DelegatingConstructorAccessorImpl.newInstance(DelegatingConstructorAccessorImpl.java:45)
	at java.base/java.lang.reflect.Constructor.newInstanceWithCaller(Constructor.java:499)
	at com.baeldung.springcloudgateway.webfilters.WebFilterFactoriesLiveTest.whenCallGetThroughGateway_thenAllHTTPRequestHeadersParametersAreSet(WebFilterFactoriesLiveTest.java:43)
	at java.base/java.lang.reflect.Method.invoke(Method.java:568)
	at java.base/java.util.ArrayList.forEach(ArrayList.java:1511)
	at java.base/java.util.ArrayList.forEach(ArrayList.java:1511)
]]></failure>
    <system-out><![CDATA[14:18:01.214 [main] INFO  o.s.t.c.s.AnnotationConfigContextLoaderUtils - Could not detect default configuration classes for test class [com.baeldung.springcloudgateway.webfilters.WebFilterFactoriesLiveTest]: WebFilterFactoriesLiveTest does not declare any static, non-private, non-final, nested classes annotated with @Configuration.
14:18:01.218 [main] INFO  o.s.b.t.c.SpringBootTestContextBootstrapper - Found @SpringBootConfiguration com.baeldung.springcloudgateway.webfilters.WebFilterGatewayApplication for test class com.baeldung.springcloudgateway.webfilters.WebFilterFactoriesLiveTest
14:18:01.219 [main] INFO  o.s.b.d.r.RestartApplicationListener - Restart disabled due to context in which it is running

  .   ____          _            __ _ _
 /\\ / ___'_ __ _ _(_)_ __  __ _ \ \ \ \
( ( )\___ | '_ | '_| | '_ \/ _` | \ \ \ \
 \\/  ___)| |_)| | | | | || (_| |  ) ) ) )
  '  |____| .__|_| |_|_| |_\__, | / / / /
 =========|_|==============|___/=/_/_/_/
 :: Spring Boot ::                (v3.2.2)

14:18:01.240 [main] INFO  c.b.s.w.WebFilterFactoriesLiveTest - Starting WebFilterFactoriesLiveTest using Java 17.0.8 with PID 50762 (started by vinodkumarm in /Users/vinodkumarm/Documents/Technologies/Spring/spring-cloud-concepts)
14:18:01.240 [main] INFO  c.b.s.w.WebFilterFactoriesLiveTest - The following 1 profile is active: "webfilters"
14:18:01.355 [main] INFO  o.s.d.r.c.RepositoryConfigurationDelegate - Multiple Spring Data modules found, entering strict repository configuration mode
14:18:01.355 [main] INFO  o.s.d.r.c.RepositoryConfigurationDelegate - Bootstrapping Spring Data Redis repositories in DEFAULT mode.
14:18:01.356 [main] INFO  o.s.d.r.c.RepositoryConfigurationDelegate - Finished Spring Data repository scanning in 1 ms. Found 0 Redis repository interfaces.
14:18:01.375 [main] INFO  o.s.cloud.context.scope.GenericScope - BeanFactory id=ea3f6056-1487-3325-8c84-2afee6a341ee
14:18:01.451 [main] DEBUG o.s.c.g.config.GatewayProperties - Routes supplied from Gateway Properties: [RouteDefinition{id='request_header_route', predicates=[PredicateDefinition{name='Path', args={_genkey_0=/get/**}}], filters=[FilterDefinition{name='AddRequestHeader', args={_genkey_0=My-Header-Good, _genkey_1=Good}}, FilterDefinition{name='AddRequestHeader', args={_genkey_0=My-Header-Remove, _genkey_1=Remove}}, FilterDefinition{name='AddRequestParameter', args={_genkey_0=var, _genkey_1=good}}, FilterDefinition{name='AddRequestParameter', args={_genkey_0=var2, _genkey_1=remove}}, FilterDefinition{name='MapRequestHeader', args={_genkey_0=My-Header-Good, _genkey_1=My-Header-Bad}}, FilterDefinition{name='MapRequestHeader', args={_genkey_0=My-Header-Set, _genkey_1=My-Header-Bad}}, FilterDefinition{name='SetRequestHeader', args={_genkey_0=My-Header-Set, _genkey_1=Set}}, FilterDefinition{name='RemoveRequestHeader', args={_genkey_0=My-Header-Remove}}, FilterDefinition{name='RemoveRequestParameter', args={_genkey_0=var2}}, FilterDefinition{name='PreserveHostHeader', args={}}], uri=https://httpbin.org, order=0, metadata={}}, RouteDefinition{id='response_header_route', predicates=[PredicateDefinition{name='Path', args={_genkey_0=/header/post/**}}], filters=[FilterDefinition{name='AddResponseHeader', args={_genkey_0=My-Header-Good, _genkey_1=Good}}, FilterDefinition{name='AddResponseHeader', args={_genkey_0=My-Header-Set, _genkey_1=Good}}, FilterDefinition{name='AddResponseHeader', args={_genkey_0=My-Header-Rewrite, _genkey_1=password=12345678}}, FilterDefinition{name='DedupeResponseHeader', args={_genkey_0=Access-Control-Allow-Credentials Access-Control-Allow-Origin}}, FilterDefinition{name='AddResponseHeader', args={_genkey_0=My-Header-Remove, _genkey_1=Remove}}, FilterDefinition{name='SetResponseHeader', args={_genkey_0=My-Header-Set, _genkey_1=Set}}, FilterDefinition{name='RemoveResponseHeader', args={_genkey_0=My-Header-Remove}}, FilterDefinition{name='RewriteResponseHeader', args={_genkey_0=My-Header-Rewrite, _genkey_1=password=[^&]+, _genkey_2=password=***}}, FilterDefinition{name='RewriteLocationResponseHeader', args={_genkey_0=AS_IN_REQUEST, _genkey_1=Location}}, FilterDefinition{name='StripPrefix', args={_genkey_0=1}}], uri=https://httpbin.org, order=0, metadata={}}, RouteDefinition{id='path_route', predicates=[PredicateDefinition{name='Path', args={_genkey_0=/new/post/**}}], filters=[FilterDefinition{name='RewritePath', args={_genkey_0=/new(?<segment>/?.*), _genkey_1=$\{segment}}}, FilterDefinition{name='SetPath', args={_genkey_0=/post}}], uri=https://httpbin.org, order=0, metadata={}}, RouteDefinition{id='redirect_route', predicates=[PredicateDefinition{name='Path', args={_genkey_0=/fake/post/**}}], filters=[FilterDefinition{name='RedirectTo', args={_genkey_0=302, _genkey_1=https://httpbin.org}}], uri=https://httpbin.org, order=0, metadata={}}, RouteDefinition{id='status_route', predicates=[PredicateDefinition{name='Path', args={_genkey_0=/delete/**}}], filters=[FilterDefinition{name='SetStatus', args={_genkey_0=401}}], uri=https://httpbin.org, order=0, metadata={}}, RouteDefinition{id='size_route', predicates=[PredicateDefinition{name='Path', args={_genkey_0=/anything}}], filters=[FilterDefinition{name='RequestSize', args={maxSize=5000000}}], uri=https://httpbin.org, order=0, metadata={}}, RouteDefinition{id='retry_test', predicates=[PredicateDefinition{name='Path', args={_genkey_0=/status/502}}], filters=[FilterDefinition{name='Retry', args={retries=3, statuses=BAD_GATEWAY, methods=GET,POST, backoff.firstBackoff=10ms, backoff.maxBackoff=50ms, backoff.factor=2, backoff.basedOnPreviousValue=false}}], uri=https://httpbin.org, order=0, metadata={}}, RouteDefinition{id='request_rate_limiter', predicates=[PredicateDefinition{name='Path', args={_genkey_0=/redis/get/**}}], filters=[FilterDefinition{name='StripPrefix', args={_genkey_0=1}}, FilterDefinition{name='RequestRateLimiter', args={redis-rate-limiter.replenishRate=10, redis-rate-limiter.burstCapacity=5, key-resolver=#{@userKeyResolver}}}], uri=https://httpbin.org, order=0, metadata={}}]
14:18:01.464 [main] INFO  o.s.c.g.r.RouteDefinitionRouteLocator - Loaded RoutePredicateFactory [After]
14:18:01.464 [main] INFO  o.s.c.g.r.RouteDefinitionRouteLocator - Loaded RoutePredicateFactory [Before]
14:18:01.464 [main] INFO  o.s.c.g.r.RouteDefinitionRouteLocator - Loaded RoutePredicateFactory [Between]
14:18:01.464 [main] INFO  o.s.c.g.r.RouteDefinitionRouteLocator - Loaded RoutePredicateFactory [Cookie]
14:18:01.464 [main] INFO  o.s.c.g.r.RouteDefinitionRouteLocator - Loaded RoutePredicateFactory [Header]
14:18:01.464 [main] INFO  o.s.c.g.r.RouteDefinitionRouteLocator - Loaded RoutePredicateFactory [Host]
14:18:01.464 [main] INFO  o.s.c.g.r.RouteDefinitionRouteLocator - Loaded RoutePredicateFactory [Method]
14:18:01.464 [main] INFO  o.s.c.g.r.RouteDefinitionRouteLocator - Loaded RoutePredicateFactory [Path]
14:18:01.464 [main] INFO  o.s.c.g.r.RouteDefinitionRouteLocator - Loaded RoutePredicateFactory [Query]
14:18:01.464 [main] INFO  o.s.c.g.r.RouteDefinitionRouteLocator - Loaded RoutePredicateFactory [ReadBody]
14:18:01.464 [main] INFO  o.s.c.g.r.RouteDefinitionRouteLocator - Loaded RoutePredicateFactory [RemoteAddr]
14:18:01.464 [main] INFO  o.s.c.g.r.RouteDefinitionRouteLocator - Loaded RoutePredicateFactory [XForwardedRemoteAddr]
14:18:01.464 [main] INFO  o.s.c.g.r.RouteDefinitionRouteLocator - Loaded RoutePredicateFactory [Weight]
14:18:01.464 [main] INFO  o.s.c.g.r.RouteDefinitionRouteLocator - Loaded RoutePredicateFactory [CloudFoundryRouteService]
14:18:01.486 [main] INFO  o.s.b.a.e.web.EndpointLinksResolver - Exposing 1 endpoint(s) beneath base path '/actuator'
14:18:01.567 [main] INFO  o.s.b.w.e.netty.NettyWebServer - Netty started on port 62394
14:18:01.576 [main] DEBUG o.s.c.g.r.RouteDefinitionRouteLocator - RouteDefinition request_header_route applying {_genkey_0=/get/**} to Path
14:18:01.580 [main] DEBUG o.s.c.g.r.RouteDefinitionRouteLocator - RouteDefinition request_header_route applying filter {_genkey_0=My-Header-Good, _genkey_1=Good} to AddRequestHeader
14:18:01.583 [main] DEBUG o.s.c.g.r.RouteDefinitionRouteLocator - RouteDefinition request_header_route applying filter {_genkey_0=My-Header-Remove, _genkey_1=Remove} to AddRequestHeader
14:18:01.584 [main] DEBUG o.s.c.g.r.RouteDefinitionRouteLocator - RouteDefinition request_header_route applying filter {_genkey_0=var, _genkey_1=good} to AddRequestParameter
14:18:01.584 [main] DEBUG o.s.c.g.r.RouteDefinitionRouteLocator - RouteDefinition request_header_route applying filter {_genkey_0=var2, _genkey_1=remove} to AddRequestParameter
14:18:01.584 [main] DEBUG o.s.c.g.r.RouteDefinitionRouteLocator - RouteDefinition request_header_route applying filter {_genkey_0=My-Header-Good, _genkey_1=My-Header-Bad} to MapRequestHeader
14:18:01.585 [main] DEBUG o.s.c.g.r.RouteDefinitionRouteLocator - RouteDefinition request_header_route applying filter {_genkey_0=My-Header-Set, _genkey_1=My-Header-Bad} to MapRequestHeader
14:18:01.585 [main] DEBUG o.s.c.g.r.RouteDefinitionRouteLocator - RouteDefinition request_header_route applying filter {_genkey_0=My-Header-Set, _genkey_1=Set} to SetRequestHeader
14:18:01.586 [main] DEBUG o.s.c.g.r.RouteDefinitionRouteLocator - RouteDefinition request_header_route applying filter {_genkey_0=My-Header-Remove} to RemoveRequestHeader
14:18:01.586 [main] DEBUG o.s.c.g.r.RouteDefinitionRouteLocator - RouteDefinition request_header_route applying filter {_genkey_0=var2} to RemoveRequestParameter
14:18:01.587 [main] DEBUG o.s.c.g.r.RouteDefinitionRouteLocator - RouteDefinition request_header_route applying filter {} to PreserveHostHeader
14:18:01.587 [main] DEBUG o.s.c.g.r.RouteDefinitionRouteLocator - RouteDefinition matched: request_header_route
14:18:01.587 [main] DEBUG o.s.c.g.r.RouteDefinitionRouteLocator - RouteDefinition response_header_route applying {_genkey_0=/header/post/**} to Path
14:18:01.588 [main] DEBUG o.s.c.g.r.RouteDefinitionRouteLocator - RouteDefinition response_header_route applying filter {_genkey_0=My-Header-Good, _genkey_1=Good} to AddResponseHeader
14:18:01.588 [main] DEBUG o.s.c.g.r.RouteDefinitionRouteLocator - RouteDefinition response_header_route applying filter {_genkey_0=My-Header-Set, _genkey_1=Good} to AddResponseHeader
14:18:01.588 [main] DEBUG o.s.c.g.r.RouteDefinitionRouteLocator - RouteDefinition response_header_route applying filter {_genkey_0=My-Header-Rewrite, _genkey_1=password=12345678} to AddResponseHeader
14:18:01.588 [main] DEBUG o.s.c.g.r.RouteDefinitionRouteLocator - RouteDefinition response_header_route applying filter {_genkey_0=Access-Control-Allow-Credentials Access-Control-Allow-Origin} to DedupeResponseHeader
14:18:01.589 [main] DEBUG o.s.c.g.r.RouteDefinitionRouteLocator - RouteDefinition response_header_route applying filter {_genkey_0=My-Header-Remove, _genkey_1=Remove} to AddResponseHeader
14:18:01.589 [main] DEBUG o.s.c.g.r.RouteDefinitionRouteLocator - RouteDefinition response_header_route applying filter {_genkey_0=My-Header-Set, _genkey_1=Set} to SetResponseHeader
14:18:01.590 [main] DEBUG o.s.c.g.r.RouteDefinitionRouteLocator - RouteDefinition response_header_route applying filter {_genkey_0=My-Header-Remove} to RemoveResponseHeader
14:18:01.590 [main] DEBUG o.s.c.g.r.RouteDefinitionRouteLocator - RouteDefinition response_header_route applying filter {_genkey_0=My-Header-Rewrite, _genkey_1=password=[^&]+, _genkey_2=password=***} to RewriteResponseHeader
14:18:01.591 [main] DEBUG o.s.c.g.r.RouteDefinitionRouteLocator - RouteDefinition response_header_route applying filter {_genkey_0=AS_IN_REQUEST, _genkey_1=Location} to RewriteLocationResponseHeader
14:18:01.592 [main] DEBUG o.s.c.g.r.RouteDefinitionRouteLocator - RouteDefinition response_header_route applying filter {_genkey_0=1} to StripPrefix
14:18:01.593 [main] DEBUG o.s.c.g.r.RouteDefinitionRouteLocator - RouteDefinition matched: response_header_route
14:18:01.593 [main] DEBUG o.s.c.g.r.RouteDefinitionRouteLocator - RouteDefinition path_route applying {_genkey_0=/new/post/**} to Path
14:18:01.594 [main] DEBUG o.s.c.g.r.RouteDefinitionRouteLocator - RouteDefinition path_route applying filter {_genkey_0=/new(?<segment>/?.*), _genkey_1=$\{segment}} to RewritePath
14:18:01.594 [main] DEBUG o.s.c.g.r.RouteDefinitionRouteLocator - RouteDefinition path_route applying filter {_genkey_0=/post} to SetPath
14:18:01.595 [main] DEBUG o.s.c.g.r.RouteDefinitionRouteLocator - RouteDefinition matched: path_route
14:18:01.595 [main] DEBUG o.s.c.g.r.RouteDefinitionRouteLocator - RouteDefinition redirect_route applying {_genkey_0=/fake/post/**} to Path
14:18:01.596 [main] DEBUG o.s.c.g.r.RouteDefinitionRouteLocator - RouteDefinition redirect_route applying filter {_genkey_0=302, _genkey_1=https://httpbin.org} to RedirectTo
14:18:01.596 [main] DEBUG o.s.c.g.r.RouteDefinitionRouteLocator - RouteDefinition matched: redirect_route
14:18:01.596 [main] DEBUG o.s.c.g.r.RouteDefinitionRouteLocator - RouteDefinition status_route applying {_genkey_0=/delete/**} to Path
14:18:01.596 [main] DEBUG o.s.c.g.r.RouteDefinitionRouteLocator - RouteDefinition status_route applying filter {_genkey_0=401} to SetStatus
14:18:01.597 [main] DEBUG o.s.c.g.r.RouteDefinitionRouteLocator - RouteDefinition matched: status_route
14:18:01.597 [main] DEBUG o.s.c.g.r.RouteDefinitionRouteLocator - RouteDefinition size_route applying {_genkey_0=/anything} to Path
14:18:01.597 [main] DEBUG o.s.c.g.r.RouteDefinitionRouteLocator - RouteDefinition size_route applying filter {maxSize=5000000} to RequestSize
14:18:01.599 [main] DEBUG o.s.c.g.r.RouteDefinitionRouteLocator - RouteDefinition matched: size_route
14:18:01.599 [main] DEBUG o.s.c.g.r.RouteDefinitionRouteLocator - RouteDefinition retry_test applying {_genkey_0=/status/502} to Path
14:18:01.599 [main] DEBUG o.s.c.g.r.RouteDefinitionRouteLocator - RouteDefinition retry_test applying filter {retries=3, statuses=BAD_GATEWAY, methods=GET,POST, backoff.firstBackoff=10ms, backoff.maxBackoff=50ms, backoff.factor=2, backoff.basedOnPreviousValue=false} to Retry
14:18:01.606 [main] DEBUG o.s.c.g.r.RouteDefinitionRouteLocator - RouteDefinition matched: retry_test
14:18:01.606 [main] DEBUG o.s.c.g.r.RouteDefinitionRouteLocator - RouteDefinition request_rate_limiter applying {_genkey_0=/redis/get/**} to Path
14:18:01.607 [main] DEBUG o.s.c.g.r.RouteDefinitionRouteLocator - RouteDefinition request_rate_limiter applying filter {_genkey_0=1} to StripPrefix
14:18:01.607 [main] DEBUG o.s.c.g.r.RouteDefinitionRouteLocator - RouteDefinition request_rate_limiter applying filter {redis-rate-limiter.replenishRate=10, redis-rate-limiter.burstCapacity=5, key-resolver=#{@userKeyResolver}} to RequestRateLimiter
14:18:01.618 [main] DEBUG o.s.c.g.r.RouteDefinitionRouteLocator - RouteDefinition matched: request_rate_limiter
14:18:01.618 [main] DEBUG o.s.c.g.filter.GatewayMetricsFilter - New routes count: 8
14:18:01.619 [main] INFO  c.b.s.w.WebFilterFactoriesLiveTest - Started WebFilterFactoriesLiveTest in 0.4 seconds (process running for 2.83)
]]></system-out>
  </testcase>
  <testcase name="whenCallHeaderPostThroughGateway_thenAllHTTPResponseHeadersAreSet" classname="com.baeldung.springcloudgateway.webfilters.WebFilterFactoriesLiveTest" time="0.053">
    <failure message="Status expected:&lt;200 OK&gt; but was:&lt;403 FORBIDDEN&gt;" type="java.lang.AssertionError"><![CDATA[java.lang.AssertionError: Status expected:<200 OK> but was:<403 FORBIDDEN>
	at org.springframework.test.util.AssertionErrors.fail(AssertionErrors.java:59)
	at org.springframework.test.util.AssertionErrors.assertEquals(AssertionErrors.java:122)
	at org.springframework.test.web.reactive.server.StatusAssertions.lambda$assertStatusAndReturn$4(StatusAssertions.java:236)
	at org.springframework.test.web.reactive.server.ExchangeResult.assertWithDiagnostics(ExchangeResult.java:222)
	at org.springframework.test.web.reactive.server.StatusAssertions.assertStatusAndReturn(StatusAssertions.java:236)
	at org.springframework.test.web.reactive.server.StatusAssertions.isOk(StatusAssertions.java:68)
	at com.baeldung.springcloudgateway.webfilters.WebFilterFactoriesLiveTest.whenCallHeaderPostThroughGateway_thenAllHTTPResponseHeadersAreSet(WebFilterFactoriesLiveTest.java:59)
	at java.base/java.lang.reflect.Method.invoke(Method.java:568)
	at java.base/java.util.ArrayList.forEach(ArrayList.java:1511)
	at java.base/java.util.ArrayList.forEach(ArrayList.java:1511)
]]></failure>
    <system-out><![CDATA[14:18:01.762 [reactor-http-nio-4] DEBUG r.n.http.client.HttpClientConnect - [97dcc58d-1, L:/127.0.0.1:62396 - R:localhost/127.0.0.1:62394] Handler is being applied: {uri=http://localhost:62394/header/post, method=POST}
14:18:01.773 [reactor-http-nio-4] DEBUG r.n.http.client.HttpClientOperations - [97dcc58d-1, L:/127.0.0.1:62396 - R:localhost/127.0.0.1:62394] Received response (auto-read:false) : RESPONSE(decodeResult: success, version: HTTP/1.1)
HTTP/1.1 403 Forbidden
Content-Type: <filtered>
Cache-Control: <filtered>
Pragma: <filtered>
Expires: <filtered>
X-Content-Type-Options: <filtered>
X-Frame-Options: <filtered>
X-XSS-Protection: <filtered>
Referrer-Policy: <filtered>
content-length: <filtered>
14:18:01.777 [reactor-http-nio-4] DEBUG r.n.http.client.HttpClientOperations - [97dcc58d-1, L:/127.0.0.1:62396 - R:localhost/127.0.0.1:62394] Received last HTTP packet
14:18:01.781 [main] ERROR o.s.t.w.r.server.ExchangeResult - Request details for assertion failure:

> POST http://localhost:62394/header/post
> accept-encoding: [gzip]
> user-agent: [ReactorNetty/1.1.15]
> host: [localhost:62394]
> accept: [*/*]
> transfer-encoding: [chunked]
> WebTestClient-Request-Id: [1]

No content

< 403 FORBIDDEN Forbidden
< Content-Type: [text/plain]
< Cache-Control: [no-cache, no-store, max-age=0, must-revalidate]
< Pragma: [no-cache]
< Expires: [0]
< X-Content-Type-Options: [nosniff]
< X-Frame-Options: [DENY]
< X-XSS-Protection: [0]
< Referrer-Policy: [no-referrer]
< content-length: [38]

An expected CSRF token cannot be found

]]></system-out>
  </testcase>
</testsuite>